<?xml version="1.0" encoding="UTF-8"?>
<!-- Generated by org.testng.reporters.JUnitXMLReporter -->
<testsuite ignored="0" hostname="Bhagya" failures="0" tests="3" name="RegressionTests" time="14.13" errors="0" timestamp="2025-08-20T22:55:15 IST">
  <testcase classname="com.saucedemo.tests.AddToCartTest" name="testAddProductToCart" time="0.959"/>
  <testcase classname="com.saucedemo.tests.CheckoutTest" name="testEndToEndCheckout" time="1.559"/>
  <testcase classname="com.saucedemo.tests.LoginTest" name="testValidLogin" time="1.567"/>
</testsuite> <!-- RegressionTests -->
