<?xml version="1.0" encoding="UTF-8"?>
<testng-results ignored="0" total="3" passed="3" failed="0" skipped="0">
  <reporter-output>
  </reporter-output>
  <suite started-at="2025-08-20T22:55:00 IST" name="SauceDemoSuite" finished-at="2025-08-20T22:55:15 IST" duration-ms="14130">
    <groups>
    </groups>
    <test started-at="2025-08-20T22:55:00 IST" name="RegressionTests" finished-at="2025-08-20T22:55:15 IST" duration-ms="14130">
      <class name="com.saucedemo.tests.AddToCartTest">
        <test-method is-config="true" signature="setUp()[pri:0, instance:com.saucedemo.tests.AddToCartTest@793f29ff]" started-at="2025-08-20T22:55:01 IST" name="setUp" finished-at="2025-08-20T22:55:06 IST" duration-ms="4936" status="PASS">
          <reporter-output>
          </reporter-output>
        </test-method> <!-- setUp -->
        <test-method signature="testAddProductToCart()[pri:0, instance:com.saucedemo.tests.AddToCartTest@793f29ff]" started-at="2025-08-20T22:55:06 IST" name="testAddProductToCart" finished-at="2025-08-20T22:55:06 IST" duration-ms="959" status="PASS">
          <reporter-output>
          </reporter-output>
        </test-method> <!-- testAddProductToCart -->
      </class> <!-- com.saucedemo.tests.AddToCartTest -->
      <class name="com.saucedemo.tests.LoginTest">
        <test-method is-config="true" signature="setUp()[pri:0, instance:com.saucedemo.tests.LoginTest@33bc72d1]" started-at="2025-08-20T22:55:11 IST" name="setUp" finished-at="2025-08-20T22:55:13 IST" duration-ms="2536" status="PASS">
          <reporter-output>
          </reporter-output>
        </test-method> <!-- setUp -->
        <test-method signature="testValidLogin()[pri:0, instance:com.saucedemo.tests.LoginTest@33bc72d1]" started-at="2025-08-20T22:55:13 IST" name="testValidLogin" finished-at="2025-08-20T22:55:15 IST" duration-ms="1567" status="PASS">
          <reporter-output>
          </reporter-output>
        </test-method> <!-- testValidLogin -->
      </class> <!-- com.saucedemo.tests.LoginTest -->
      <class name="com.saucedemo.tests.CheckoutTest">
        <test-method is-config="true" signature="setUp()[pri:0, instance:com.saucedemo.tests.CheckoutTest@273444fe]" started-at="2025-08-20T22:55:06 IST" name="setUp" finished-at="2025-08-20T22:55:09 IST" duration-ms="2476" status="PASS">
          <reporter-output>
          </reporter-output>
        </test-method> <!-- setUp -->
        <test-method signature="testEndToEndCheckout()[pri:0, instance:com.saucedemo.tests.CheckoutTest@273444fe]" started-at="2025-08-20T22:55:09 IST" name="testEndToEndCheckout" finished-at="2025-08-20T22:55:11 IST" duration-ms="1559" status="PASS">
          <reporter-output>
          </reporter-output>
        </test-method> <!-- testEndToEndCheckout -->
      </class> <!-- com.saucedemo.tests.CheckoutTest -->
    </test> <!-- RegressionTests -->
  </suite> <!-- SauceDemoSuite -->
</testng-results>
